
**** Build of configuration Debug for project ManchesterDecoder ****

"C:\\ti\\ccsv5\\utils\\bin\\gmake" -k all 
'Building file: ../Decode_Manchester.c'
'Invoking: MSP430 Compiler'
"C:/ti/ccsv5/tools/compiler/msp430_4.1.5/bin/cl430" -vmsp --abi=eabi -g --include_path="C:/ti/ccsv5/ccs_base/msp430/include" --include_path="C:/ti/ccsv5/tools/compiler/msp430_4.1.5/include" --advice:power=all --define=__MSP430G2553__ --diag_warning=225 --display_error_number --diag_wrap=off --printf_support=minimal --preproc_with_compile --preproc_dependency="Decode_Manchester.pp"  "../Decode_Manchester.c"
"../Decode_Manchester.c", line 210: remark #1564-D: (ULP 14.1) Array index (involving "inBufferIndex") of type "int". Recommend using "unsigned int"
"../Decode_Manchester.c", line 210: remark #1564-D: (ULP 14.1) Array index (involving "inBufferIndex") of type "int". Recommend using "unsigned int"
"../Decode_Manchester.c", line 210: remark #1564-D: (ULP 14.1) Array index (involving "inBufferIndex") of type "int". Recommend using "unsigned int"
"../Decode_Manchester.c", line 210: remark #1564-D: (ULP 14.1) Array index (involving "inBufferIndex") of type "int". Recommend using "unsigned int"
"../Decode_Manchester.c", line 210: remark #1564-D: (ULP 14.1) Array index (involving "inBufferIndex") of type "int". Recommend using "unsigned int"
"../Decode_Manchester.c", line 216: remark #1545-D: (ULP 14.1) Array index of type "int". Recommend using "unsigned int"
"../Decode_Manchester.c", line 227: remark #1527-D: (ULP 2.1) Detected SW delay loop using __delay_cycles. Recommend using a timer module instead
"../Decode_Manchester.c", line 230: remark #1527-D: (ULP 2.1) Detected SW delay loop using __delay_cycles. Recommend using a timer module instead
'Finished building: ../Decode_Manchester.c'
' '
'Building target: ManchesterDecoder.out'
'Invoking: MSP430 Linker'
"C:/ti/ccsv5/tools/compiler/msp430_4.1.5/bin/cl430" -vmsp --abi=eabi -g --advice:power=all --define=__MSP430G2553__ --diag_warning=225 --display_error_number --diag_wrap=off --printf_support=minimal -z --stack_size=80 -m"ManchesterDecoder.map" --heap_size=80 -i"C:/ti/ccsv5/ccs_base/msp430/include" -i"C:/ti/ccsv5/tools/compiler/msp430_4.1.5/lib" -i"C:/ti/ccsv5/tools/compiler/msp430_4.1.5/include" --reread_libs --warn_sections --display_error_number --diag_wrap=off --xml_link_info="ManchesterDecoder_linkInfo.xml" --rom_model -o "ManchesterDecoder.out"  "./msp430g2xx3_dco_flashcal.obj" "./Decode_Manchester.obj" -l"libc.a" "../lnk_msp430g2553.cmd" 
<Linking>
remark #10372-D: (ULP 4.1) Detected uninitialized Port 3 in this project. Recommend initializing all unused ports to eliminate wasted current consumption on unused pins.
error #10056: symbol "setupPins" redefined: first defined in "./msp430g2xx3_dco_flashcal.obj"; redefined in "./Decode_Manchester.obj"
error #10056: symbol "headerBits" redefined: first defined in "./msp430g2xx3_dco_flashcal.obj"; redefined in "./Decode_Manchester.obj"
error #10056: symbol "receivedHeader" redefined: first defined in "./msp430g2xx3_dco_flashcal.obj"; redefined in "./Decode_Manchester.obj"
error #10056: symbol "T2Max" redefined: first defined in "./msp430g2xx3_dco_flashcal.obj"; redefined in "./Decode_Manchester.obj"
error #10056: symbol "T2" redefined: first defined in "./msp430g2xx3_dco_flashcal.obj"; redefined in "./Decode_Manchester.obj"
error #10056: symbol "inBuffer" redefined: first defined in "./msp430g2xx3_dco_flashcal.obj"; redefined in "./Decode_Manchester.obj"
error #10056: symbol "i" redefined: first defined in "./msp430g2xx3_dco_flashcal.obj"; redefined in "./Decode_Manchester.obj"
error #10056: symbol "T" redefined: first defined in "./msp430g2xx3_dco_flashcal.obj"; redefined in "./Decode_Manchester.obj"
error #10056: symbol "TMin" redefined: first defined in "./msp430g2xx3_dco_flashcal.obj"; redefined in "./Decode_Manchester.obj"
error #10056: symbol "isSynced" redefined: first defined in "./msp430g2xx3_dco_flashcal.obj"; redefined in "./Decode_Manchester.obj"
error #10056: symbol "main" redefined: first defined in "./msp430g2xx3_dco_flashcal.obj"; redefined in "./Decode_Manchester.obj"
error #10056: symbol "lastTagID" redefined: first defined in "./msp430g2xx3_dco_flashcal.obj"; redefined in "./Decode_Manchester.obj"
error #10056: symbol "isSyncing" redefined: first defined in "./msp430g2xx3_dco_flashcal.obj"; redefined in "./Decode_Manchester.obj"

>> Compilation failure
error #10056: symbol "currentBit" redefined: first defined in "./msp430g2xx3_dco_flashcal.obj"; redefined in "./Decode_Manchester.obj"
error #10056: symbol "parityIndex" redefined: first defined in "./msp430g2xx3_dco_flashcal.obj"; redefined in "./Decode_Manchester.obj"
error #10056: symbol "TMax" redefined: first defined in "./msp430g2xx3_dco_flashcal.obj"; redefined in "./Decode_Manchester.obj"
error #10056: symbol "PORT2_ISR" redefined: first defined in "./msp430g2xx3_dco_flashcal.obj"; redefined in "./Decode_Manchester.obj"
error #10056: symbol "inBufferIndex" redefined: first defined in "./msp430g2xx3_dco_flashcal.obj"; redefined in "./Decode_Manchester.obj"
error #10056: symbol "expectShortEdge" redefined: first defined in "./msp430g2xx3_dco_flashcal.obj"; redefined in "./Decode_Manchester.obj"
error #10056: symbol "dataIndex" redefined: first defined in "./msp430g2xx3_dco_flashcal.obj"; redefined in "./Decode_Manchester.obj"
error #10056: symbol "nextBit" redefined: first defined in "./msp430g2xx3_dco_flashcal.obj"; redefined in "./Decode_Manchester.obj"
error #10056: symbol "T2Min" redefined: first defined in "./msp430g2xx3_dco_flashcal.obj"; redefined in "./Decode_Manchester.obj"
"../lnk_msp430g2553.cmd", line 112: error #10099-D: program will not fit into available memory.  placement with alignment fails for section "PORT2" size 0x4 .  Available memory ranges:
   INT03        size: 0x2          unused: 0x2          max hole: 0x2       
error #10010: errors encountered during linking; "ManchesterDecoder.out" not built
gmake: *** [ManchesterDecoder.out] Error 1
gmake: Target `all' not remade because of errors.

**** Build Finished ****
